<?xml version="1.0" encoding="UTF-8"?>
<!-- Generated by org.testng.reporters.JUnitXMLReporter -->
<testsuite ignored="0" hostname="DESKTOP-7VCVJ9K" failures="0" tests="6" name="Default test" time="18.279" errors="0" timestamp="2023-06-14T22:29:28 IST">
  <testcase classname="api.test.DDTests" name="testPostUser" time="5.415"/>
  <testcase classname="api.test.DDTests" name="testPostUser" time="3.575"/>
  <testcase classname="api.test.DDTests" name="testPostUser" time="1.871"/>
  <testcase classname="api.test.DDTests" name="testDeleteUserName" time="1.921"/>
  <testcase classname="api.test.DDTests" name="testDeleteUserName" time="1.978"/>
  <testcase classname="api.test.DDTests" name="testDeleteUserName" time="1.545"/>
</testsuite> <!-- Default test -->
