<?xml version="1.0" encoding="UTF-8"?>
<testng-results ignored="0" total="4" passed="4" failed="0" skipped="0">
  <reporter-output>
  </reporter-output>
  <suite started-at="2023-06-20T21:18:49 IST" name="Pet Suite" finished-at="2023-06-20T21:19:05 IST" duration-ms="16494">
    <groups>
    </groups>
    <test started-at="2023-06-20T21:18:49 IST" name="Pet Test" finished-at="2023-06-20T21:19:05 IST" duration-ms="16494">
      <class name="api.test.UserTests">
        <test-method is-config="true" signature="setupData()[pri:0, instance:api.test.UserTests@f09733f]" started-at="2023-06-20T21:18:49 IST" name="setupData" finished-at="2023-06-20T21:18:51 IST" duration-ms="1477" status="PASS">
          <reporter-output>
          </reporter-output>
        </test-method> <!-- setupData -->
        <test-method signature="testPostUser()[pri:1, instance:api.test.UserTests@f09733f]" started-at="2023-06-20T21:18:51 IST" name="testPostUser" finished-at="2023-06-20T21:19:00 IST" duration-ms="9089" status="PASS">
          <reporter-output>
          </reporter-output>
        </test-method> <!-- testPostUser -->
        <test-method signature="testGetUserbyName()[pri:2, instance:api.test.UserTests@f09733f]" started-at="2023-06-20T21:19:00 IST" name="testGetUserbyName" finished-at="2023-06-20T21:19:02 IST" duration-ms="1580" status="PASS">
          <reporter-output>
          </reporter-output>
        </test-method> <!-- testGetUserbyName -->
        <test-method signature="testUpdateUserbyName()[pri:3, instance:api.test.UserTests@f09733f]" started-at="2023-06-20T21:19:02 IST" name="testUpdateUserbyName" finished-at="2023-06-20T21:19:04 IST" duration-ms="2509" status="PASS">
          <reporter-output>
          </reporter-output>
        </test-method> <!-- testUpdateUserbyName -->
        <test-method signature="testDeleteUserbyName()[pri:4, instance:api.test.UserTests@f09733f]" started-at="2023-06-20T21:19:04 IST" name="testDeleteUserbyName" finished-at="2023-06-20T21:19:05 IST" duration-ms="1157" status="PASS">
          <reporter-output>
          </reporter-output>
        </test-method> <!-- testDeleteUserbyName -->
      </class> <!-- api.test.UserTests -->
    </test> <!-- Pet Test -->
  </suite> <!-- Pet Suite -->
</testng-results>
