<?xml version="1.0" encoding="UTF-8"?>
<testng-results ignored="0" total="4" passed="4" failed="0" skipped="0">
  <reporter-output>
  </reporter-output>
  <suite started-at="2023-06-19T22:13:38 IST" name="Pet Suite" finished-at="2023-06-19T22:13:53 IST" duration-ms="14667">
    <groups>
    </groups>
    <test started-at="2023-06-19T22:13:38 IST" name="Pet Test" finished-at="2023-06-19T22:13:53 IST" duration-ms="14667">
      <class name="api.test.UserTests">
        <test-method is-config="true" signature="setupData()[pri:0, instance:api.test.UserTests@272113c4]" started-at="2023-06-19T22:13:40 IST" name="setupData" finished-at="2023-06-19T22:13:42 IST" duration-ms="2118" status="PASS">
          <reporter-output>
          </reporter-output>
        </test-method> <!-- setupData -->
        <test-method signature="testPostUser()[pri:1, instance:api.test.UserTests@272113c4]" started-at="2023-06-19T22:13:42 IST" name="testPostUser" finished-at="2023-06-19T22:13:47 IST" duration-ms="5150" status="PASS">
          <reporter-output>
          </reporter-output>
        </test-method> <!-- testPostUser -->
        <test-method signature="testGetUserbyName()[pri:2, instance:api.test.UserTests@272113c4]" started-at="2023-06-19T22:13:47 IST" name="testGetUserbyName" finished-at="2023-06-19T22:13:49 IST" duration-ms="1636" status="PASS">
          <reporter-output>
          </reporter-output>
        </test-method> <!-- testGetUserbyName -->
        <test-method signature="testUpdateUserbyName()[pri:3, instance:api.test.UserTests@272113c4]" started-at="2023-06-19T22:13:49 IST" name="testUpdateUserbyName" finished-at="2023-06-19T22:13:52 IST" duration-ms="2725" status="PASS">
          <reporter-output>
          </reporter-output>
        </test-method> <!-- testUpdateUserbyName -->
        <test-method signature="testDeleteUserbyName()[pri:4, instance:api.test.UserTests@272113c4]" started-at="2023-06-19T22:13:52 IST" name="testDeleteUserbyName" finished-at="2023-06-19T22:13:53 IST" duration-ms="1337" status="PASS">
          <reporter-output>
          </reporter-output>
        </test-method> <!-- testDeleteUserbyName -->
      </class> <!-- api.test.UserTests -->
    </test> <!-- Pet Test -->
  </suite> <!-- Pet Suite -->
</testng-results>
