<?xml version="1.0" encoding="UTF-8"?>
<!-- Generated by org.testng.reporters.JUnitXMLReporter -->
<testsuite ignored="0" hostname="DESKTOP-7VCVJ9K" failures="0" tests="4" name="Pet Test" time="16.494" errors="0" timestamp="2023-06-20T21:19:06 IST">
  <testcase classname="api.test.UserTests" name="testPostUser" time="9.089"/>
  <testcase classname="api.test.UserTests" name="testGetUserbyName" time="1.58"/>
  <testcase classname="api.test.UserTests" name="testUpdateUserbyName" time="2.509"/>
  <testcase classname="api.test.UserTests" name="testDeleteUserbyName" time="1.157"/>
</testsuite> <!-- Pet Test -->
