<?xml version="1.0" encoding="UTF-8"?>
<!-- Generated by org.testng.reporters.JUnitXMLReporter -->
<testsuite ignored="0" hostname="DESKTOP-7VCVJ9K" failures="0" tests="4" name="Pet Test" time="14.667" errors="0" timestamp="2023-06-19T22:13:53 IST">
  <testcase classname="api.test.UserTests" name="testPostUser" time="5.15"/>
  <testcase classname="api.test.UserTests" name="testGetUserbyName" time="1.636"/>
  <testcase classname="api.test.UserTests" name="testUpdateUserbyName" time="2.725"/>
  <testcase classname="api.test.UserTests" name="testDeleteUserbyName" time="1.337"/>
</testsuite> <!-- Pet Test -->
